<?xml version="1.0" encoding="UTF-8"?>
<!-- Generated by org.testng.reporters.JUnitReportReporter -->
<testsuite hostname="smart" name="taxinearuTesting.LoginPage" tests="1" failures="0" timestamp="11 Nov 2016 11:10:34 GMT" time="164.812" errors="0">
  <testcase name="testTaxinaru" time="164.812" classname="taxinearuTesting.LoginPage"/>
</testsuite> <!-- taxinearuTesting.LoginPage -->
